2025-08-15 18:12:07,294 - app_logger - DEBUG - Bu bir debug mesajıdır.
2025-08-15 18:12:07,294 - app_logger - INFO - Bu bir bilgi mesajıdır.
2025-08-15 18:12:07,294 - app_logger - WARNING - Bu bir uyarı mesajıdır.
2025-08-15 18:12:07,294 - app_logger - ERROR - Bu bir hata mesajıdır.
2025-08-15 18:12:07,294 - app_logger - CRITICAL - Bu bir kritik mesajdır.
2025-08-15 18:14:32,906 - app_logger - DEBUG - Bu bir debug mesajıdır.
2025-08-15 18:14:32,907 - app_logger - INFO - Bu bir bilgi mesajıdır.
2025-08-15 18:14:32,907 - app_logger - WARNING - Bu bir uyarı mesajıdır.
2025-08-15 18:14:32,907 - app_logger - ERROR - Bu bir hata mesajıdır.
2025-08-15 18:14:32,907 - app_logger - CRITICAL - Bu bir kritik mesajdır.
2025-08-15 18:35:49,663 - app_logger - DEBUG - Bu bir debug mesajıdır.
2025-08-15 18:35:49,663 - app_logger - INFO - Bu bir bilgi mesajıdır.
2025-08-15 18:35:49,664 - app_logger - WARNING - Bu bir uyarı mesajıdır.
2025-08-15 18:35:49,664 - app_logger - ERROR - Bu bir hata mesajıdır.
2025-08-15 18:35:49,664 - app_logger - CRITICAL - Bu bir kritik mesajdır.
2025-08-16 01:18:47,760 - app_logger - DEBUG - Bu bir debug mesajıdır.
2025-08-16 01:18:47,761 - app_logger - INFO - Bu bir bilgi mesajıdır.
2025-08-16 01:18:47,761 - app_logger - WARNING - Bu bir uyarı mesajıdır.
2025-08-16 01:18:47,761 - app_logger - ERROR - Bu bir hata mesajıdır.
2025-08-16 01:18:47,761 - app_logger - CRITICAL - Bu bir kritik mesajdır.
2025-08-16 01:22:45,640 - app_logger - DEBUG - Bu bir debug mesajıdır.
2025-08-16 01:22:45,641 - app_logger - INFO - Bu bir bilgi mesajıdır.
2025-08-16 01:22:45,641 - app_logger - WARNING - Bu bir uyarı mesajıdır.
2025-08-16 01:22:45,641 - app_logger - ERROR - Bu bir hata mesajıdır.
2025-08-16 01:22:45,641 - app_logger - CRITICAL - Bu bir kritik mesajdır.
2025-08-16 01:24:46,080 - app_logger - DEBUG - Bu bir debug mesajıdır.
2025-08-16 01:24:46,080 - app_logger - INFO - Bu bir bilgi mesajıdır.
2025-08-16 01:24:46,080 - app_logger - WARNING - Bu bir uyarı mesajıdır.
2025-08-16 01:24:46,081 - app_logger - ERROR - Bu bir hata mesajıdır.
2025-08-16 01:24:46,081 - app_logger - CRITICAL - Bu bir kritik mesajdır.
2025-08-17 19:24:55,607 - app_logger - DEBUG - Bu bir debug mesajıdır.
2025-08-17 19:24:55,608 - app_logger - INFO - Bu bir bilgi mesajıdır.
2025-08-17 19:24:55,608 - app_logger - WARNING - Bu bir uyarı mesajıdır.
2025-08-17 19:24:55,609 - app_logger - ERROR - Bu bir hata mesajıdır.
2025-08-17 19:24:55,609 - app_logger - CRITICAL - Bu bir kritik mesajdır.
2025-08-17 19:27:17,567 - app_logger - DEBUG - Bu bir debug mesajıdır.
2025-08-17 19:27:17,568 - app_logger - INFO - Bu bir bilgi mesajıdır.
2025-08-17 19:27:17,568 - app_logger - WARNING - Bu bir uyarı mesajıdır.
2025-08-17 19:27:17,568 - app_logger - ERROR - Bu bir hata mesajıdır.
2025-08-17 19:27:17,568 - app_logger - CRITICAL - Bu bir kritik mesajdır.
2025-08-17 19:37:04,778 - app_logger - DEBUG - Bu bir debug mesajıdır.
2025-08-17 19:37:04,778 - app_logger - INFO - Bu bir bilgi mesajıdır.
2025-08-17 19:37:04,779 - app_logger - WARNING - Bu bir uyarı mesajıdır.
2025-08-17 19:37:04,780 - app_logger - ERROR - Bu bir hata mesajıdır.
2025-08-17 19:37:04,780 - app_logger - CRITICAL - Bu bir kritik mesajdır.
2025-08-17 22:27:32,073 - app_logger - DEBUG - Bu bir debug mesajıdır.
2025-08-17 22:27:32,074 - app_logger - INFO - Bu bir bilgi mesajıdır.
2025-08-17 22:27:32,074 - app_logger - WARNING - Bu bir uyarı mesajıdır.
2025-08-17 22:27:32,074 - app_logger - ERROR - Bu bir hata mesajıdır.
2025-08-17 22:27:32,074 - app_logger - CRITICAL - Bu bir kritik mesajdır.
2025-08-18 20:58:29,701 - app_logger - DEBUG - Bu bir debug mesajıdır.
2025-08-18 20:58:29,703 - app_logger - INFO - Bu bir bilgi mesajıdır.
2025-08-18 20:58:29,704 - app_logger - WARNING - Bu bir uyarı mesajıdır.
2025-08-18 20:58:29,704 - app_logger - ERROR - Bu bir hata mesajıdır.
2025-08-18 20:58:29,705 - app_logger - CRITICAL - Bu bir kritik mesajdır.
2025-08-18 21:12:13,173 - app_logger - DEBUG - Bu bir debug mesajıdır.
2025-08-18 21:12:13,175 - app_logger - INFO - Bu bir bilgi mesajıdır.
2025-08-18 21:12:13,176 - app_logger - WARNING - Bu bir uyarı mesajıdır.
2025-08-18 21:12:13,176 - app_logger - ERROR - Bu bir hata mesajıdır.
2025-08-18 21:12:13,177 - app_logger - CRITICAL - Bu bir kritik mesajdır.
2025-08-18 21:36:51,061 - app_logger - DEBUG - Bu bir debug mesajıdır.
2025-08-18 21:36:51,062 - app_logger - INFO - Bu bir bilgi mesajıdır.
2025-08-18 21:36:51,062 - app_logger - WARNING - Bu bir uyarı mesajıdır.
2025-08-18 21:36:51,062 - app_logger - ERROR - Bu bir hata mesajıdır.
2025-08-18 21:36:51,063 - app_logger - CRITICAL - Bu bir kritik mesajdır.
2025-08-20 14:03:38,024 - app_logger - DEBUG - Bu bir debug mesajıdır.
2025-08-20 14:03:38,025 - app_logger - INFO - Bu bir bilgi mesajıdır.
2025-08-20 14:03:38,026 - app_logger - WARNING - Bu bir uyarı mesajıdır.
2025-08-20 14:03:38,026 - app_logger - ERROR - Bu bir hata mesajıdır.
2025-08-20 14:03:38,026 - app_logger - CRITICAL - Bu bir kritik mesajdır.
2025-08-20 14:06:55,453 - app_logger - DEBUG - Bu bir debug mesajıdır.
2025-08-20 14:06:55,453 - app_logger - INFO - Bu bir bilgi mesajıdır.
2025-08-20 14:06:55,453 - app_logger - WARNING - Bu bir uyarı mesajıdır.
2025-08-20 14:06:55,455 - app_logger - ERROR - Bu bir hata mesajıdır.
2025-08-20 14:06:55,455 - app_logger - CRITICAL - Bu bir kritik mesajdır.
2025-08-20 14:21:34,203 - app_logger - DEBUG - Bu bir debug mesajıdır.
2025-08-20 14:21:34,203 - app_logger - INFO - Bu bir bilgi mesajıdır.
2025-08-20 14:21:34,203 - app_logger - WARNING - Bu bir uyarı mesajıdır.
2025-08-20 14:21:34,203 - app_logger - ERROR - Bu bir hata mesajıdır.
2025-08-20 14:21:34,205 - app_logger - CRITICAL - Bu bir kritik mesajdır.
2025-08-21 00:34:57,476 - app_logger - DEBUG - Bu bir debug mesajıdır.
2025-08-21 00:34:57,477 - app_logger - INFO - Bu bir bilgi mesajıdır.
2025-08-21 00:34:57,477 - app_logger - WARNING - Bu bir uyarı mesajıdır.
2025-08-21 00:34:57,478 - app_logger - ERROR - Bu bir hata mesajıdır.
2025-08-21 00:34:57,479 - app_logger - CRITICAL - Bu bir kritik mesajdır.
2025-08-21 00:54:44,644 - app_logger - DEBUG - Bu bir debug mesajıdır.
2025-08-21 00:54:44,645 - app_logger - INFO - Bu bir bilgi mesajıdır.
2025-08-21 00:54:44,646 - app_logger - WARNING - Bu bir uyarı mesajıdır.
2025-08-21 00:54:44,646 - app_logger - ERROR - Bu bir hata mesajıdır.
2025-08-21 00:54:44,646 - app_logger - CRITICAL - Bu bir kritik mesajdır.
2025-08-21 00:58:31,583 - app_logger - DEBUG - Bu bir debug mesajıdır.
2025-08-21 00:58:31,583 - app_logger - INFO - Bu bir bilgi mesajıdır.
2025-08-21 00:58:31,585 - app_logger - WARNING - Bu bir uyarı mesajıdır.
2025-08-21 00:58:31,585 - app_logger - ERROR - Bu bir hata mesajıdır.
2025-08-21 00:58:31,585 - app_logger - CRITICAL - Bu bir kritik mesajdır.
2025-08-21 00:59:17,887 - app_logger - DEBUG - Bu bir debug mesajıdır.
2025-08-21 00:59:17,887 - app_logger - INFO - Bu bir bilgi mesajıdır.
2025-08-21 00:59:17,889 - app_logger - WARNING - Bu bir uyarı mesajıdır.
2025-08-21 00:59:17,889 - app_logger - ERROR - Bu bir hata mesajıdır.
2025-08-21 00:59:17,890 - app_logger - CRITICAL - Bu bir kritik mesajdır.
2025-08-21 01:00:29,287 - app_logger - DEBUG - Bu bir debug mesajıdır.
2025-08-21 01:00:29,288 - app_logger - INFO - Bu bir bilgi mesajıdır.
2025-08-21 01:00:29,288 - app_logger - WARNING - Bu bir uyarı mesajıdır.
2025-08-21 01:00:29,288 - app_logger - ERROR - Bu bir hata mesajıdır.
2025-08-21 01:00:29,288 - app_logger - CRITICAL - Bu bir kritik mesajdır.
2025-08-21 01:11:25,827 - app_logger - DEBUG - Bu bir debug mesajıdır.
2025-08-21 01:11:25,828 - app_logger - INFO - Bu bir bilgi mesajıdır.
2025-08-21 01:11:25,829 - app_logger - WARNING - Bu bir uyarı mesajıdır.
2025-08-21 01:11:25,829 - app_logger - ERROR - Bu bir hata mesajıdır.
2025-08-21 01:11:25,830 - app_logger - CRITICAL - Bu bir kritik mesajdır.
2025-08-21 01:25:22,141 - app_logger - DEBUG - Bu bir debug mesajıdır.
2025-08-21 01:25:22,141 - app_logger - INFO - Bu bir bilgi mesajıdır.
2025-08-21 01:25:22,141 - app_logger - WARNING - Bu bir uyarı mesajıdır.
2025-08-21 01:25:22,141 - app_logger - ERROR - Bu bir hata mesajıdır.
2025-08-21 01:25:22,142 - app_logger - CRITICAL - Bu bir kritik mesajdır.
2025-08-21 01:29:17,387 - app_logger - DEBUG - Bu bir debug mesajıdır.
2025-08-21 01:29:17,387 - app_logger - INFO - Bu bir bilgi mesajıdır.
2025-08-21 01:29:17,387 - app_logger - WARNING - Bu bir uyarı mesajıdır.
2025-08-21 01:29:17,387 - app_logger - ERROR - Bu bir hata mesajıdır.
2025-08-21 01:29:17,387 - app_logger - CRITICAL - Bu bir kritik mesajdır.
2025-08-21 01:31:29,881 - app_logger - DEBUG - Bu bir debug mesajıdır.
2025-08-21 01:31:29,881 - app_logger - INFO - Bu bir bilgi mesajıdır.
2025-08-21 01:31:29,881 - app_logger - WARNING - Bu bir uyarı mesajıdır.
2025-08-21 01:31:29,881 - app_logger - ERROR - Bu bir hata mesajıdır.
2025-08-21 01:31:29,883 - app_logger - CRITICAL - Bu bir kritik mesajdır.
2025-08-21 01:36:27,431 - app_logger - DEBUG - Bu bir debug mesajıdır.
2025-08-21 01:36:27,431 - app_logger - INFO - Bu bir bilgi mesajıdır.
2025-08-21 01:36:27,431 - app_logger - WARNING - Bu bir uyarı mesajıdır.
2025-08-21 01:36:27,431 - app_logger - ERROR - Bu bir hata mesajıdır.
2025-08-21 01:36:27,433 - app_logger - CRITICAL - Bu bir kritik mesajdır.
2025-08-21 01:45:07,625 - app_logger - DEBUG - Bu bir debug mesajıdır.
2025-08-21 01:45:07,626 - app_logger - INFO - Bu bir bilgi mesajıdır.
2025-08-21 01:45:07,626 - app_logger - WARNING - Bu bir uyarı mesajıdır.
2025-08-21 01:45:07,626 - app_logger - ERROR - Bu bir hata mesajıdır.
2025-08-21 01:45:07,626 - app_logger - CRITICAL - Bu bir kritik mesajdır.
2025-08-21 01:46:00,339 - app_logger - DEBUG - Bu bir debug mesajıdır.
2025-08-21 01:46:00,339 - app_logger - INFO - Bu bir bilgi mesajıdır.
2025-08-21 01:46:00,339 - app_logger - WARNING - Bu bir uyarı mesajıdır.
2025-08-21 01:46:00,340 - app_logger - ERROR - Bu bir hata mesajıdır.
2025-08-21 01:46:00,340 - app_logger - CRITICAL - Bu bir kritik mesajdır.
2025-08-21 01:46:44,408 - app_logger - DEBUG - Bu bir debug mesajıdır.
2025-08-21 01:46:44,409 - app_logger - INFO - Bu bir bilgi mesajıdır.
2025-08-21 01:46:44,409 - app_logger - WARNING - Bu bir uyarı mesajıdır.
2025-08-21 01:46:44,409 - app_logger - ERROR - Bu bir hata mesajıdır.
2025-08-21 01:46:44,409 - app_logger - CRITICAL - Bu bir kritik mesajdır.
2025-08-21 01:48:03,594 - app_logger - DEBUG - Bu bir debug mesajıdır.
2025-08-21 01:48:03,595 - app_logger - INFO - Bu bir bilgi mesajıdır.
2025-08-21 01:48:03,595 - app_logger - WARNING - Bu bir uyarı mesajıdır.
2025-08-21 01:48:03,595 - app_logger - ERROR - Bu bir hata mesajıdır.
2025-08-21 01:48:03,595 - app_logger - CRITICAL - Bu bir kritik mesajdır.
2025-08-21 01:49:06,785 - app_logger - DEBUG - Bu bir debug mesajıdır.
2025-08-21 01:49:06,785 - app_logger - INFO - Bu bir bilgi mesajıdır.
2025-08-21 01:49:06,785 - app_logger - WARNING - Bu bir uyarı mesajıdır.
2025-08-21 01:49:06,786 - app_logger - ERROR - Bu bir hata mesajıdır.
2025-08-21 01:49:06,786 - app_logger - CRITICAL - Bu bir kritik mesajdır.
2025-08-21 01:51:15,944 - app_logger - DEBUG - Bu bir debug mesajıdır.
2025-08-21 01:51:15,944 - app_logger - INFO - Bu bir bilgi mesajıdır.
2025-08-21 01:51:15,945 - app_logger - WARNING - Bu bir uyarı mesajıdır.
2025-08-21 01:51:15,945 - app_logger - ERROR - Bu bir hata mesajıdır.
2025-08-21 01:51:15,945 - app_logger - CRITICAL - Bu bir kritik mesajdır.
2025-08-21 01:52:28,754 - app_logger - DEBUG - Bu bir debug mesajıdır.
2025-08-21 01:52:28,755 - app_logger - INFO - Bu bir bilgi mesajıdır.
2025-08-21 01:52:28,755 - app_logger - WARNING - Bu bir uyarı mesajıdır.
2025-08-21 01:52:28,755 - app_logger - ERROR - Bu bir hata mesajıdır.
2025-08-21 01:52:28,755 - app_logger - CRITICAL - Bu bir kritik mesajdır.
2025-08-21 01:54:01,770 - app_logger - DEBUG - Bu bir debug mesajıdır.
2025-08-21 01:54:01,770 - app_logger - INFO - Bu bir bilgi mesajıdır.
2025-08-21 01:54:01,770 - app_logger - WARNING - Bu bir uyarı mesajıdır.
2025-08-21 01:54:01,771 - app_logger - ERROR - Bu bir hata mesajıdır.
2025-08-21 01:54:01,771 - app_logger - CRITICAL - Bu bir kritik mesajdır.
2025-08-21 01:55:07,488 - app_logger - DEBUG - Bu bir debug mesajıdır.
2025-08-21 01:55:07,488 - app_logger - INFO - Bu bir bilgi mesajıdır.
2025-08-21 01:55:07,488 - app_logger - WARNING - Bu bir uyarı mesajıdır.
2025-08-21 01:55:07,488 - app_logger - ERROR - Bu bir hata mesajıdır.
2025-08-21 01:55:07,488 - app_logger - CRITICAL - Bu bir kritik mesajdır.
2025-08-21 01:56:41,940 - app_logger - DEBUG - Bu bir debug mesajıdır.
2025-08-21 01:56:41,940 - app_logger - INFO - Bu bir bilgi mesajıdır.
2025-08-21 01:56:41,940 - app_logger - WARNING - Bu bir uyarı mesajıdır.
2025-08-21 01:56:41,940 - app_logger - ERROR - Bu bir hata mesajıdır.
2025-08-21 01:56:41,942 - app_logger - CRITICAL - Bu bir kritik mesajdır.
2025-08-21 01:59:10,559 - app_logger - DEBUG - Bu bir debug mesajıdır.
2025-08-21 01:59:10,559 - app_logger - INFO - Bu bir bilgi mesajıdır.
2025-08-21 01:59:10,559 - app_logger - WARNING - Bu bir uyarı mesajıdır.
2025-08-21 01:59:10,559 - app_logger - ERROR - Bu bir hata mesajıdır.
2025-08-21 01:59:10,559 - app_logger - CRITICAL - Bu bir kritik mesajdır.
2025-08-21 02:02:05,208 - app_logger - DEBUG - Bu bir debug mesajıdır.
2025-08-21 02:02:05,209 - app_logger - INFO - Bu bir bilgi mesajıdır.
2025-08-21 02:02:05,209 - app_logger - WARNING - Bu bir uyarı mesajıdır.
2025-08-21 02:02:05,209 - app_logger - ERROR - Bu bir hata mesajıdır.
2025-08-21 02:02:05,209 - app_logger - CRITICAL - Bu bir kritik mesajdır.
2025-08-21 02:02:37,328 - app_logger - DEBUG - Bu bir debug mesajıdır.
2025-08-21 02:02:37,330 - app_logger - INFO - Bu bir bilgi mesajıdır.
2025-08-21 02:02:37,330 - app_logger - WARNING - Bu bir uyarı mesajıdır.
2025-08-21 02:02:37,330 - app_logger - ERROR - Bu bir hata mesajıdır.
2025-08-21 02:02:37,330 - app_logger - CRITICAL - Bu bir kritik mesajdır.
2025-08-21 02:04:03,874 - app_logger - DEBUG - Bu bir debug mesajıdır.
2025-08-21 02:04:03,875 - app_logger - INFO - Bu bir bilgi mesajıdır.
2025-08-21 02:04:03,875 - app_logger - WARNING - Bu bir uyarı mesajıdır.
2025-08-21 02:04:03,875 - app_logger - ERROR - Bu bir hata mesajıdır.
2025-08-21 02:04:03,875 - app_logger - CRITICAL - Bu bir kritik mesajdır.
2025-08-21 02:08:25,079 - app_logger - DEBUG - Bu bir debug mesajıdır.
2025-08-21 02:08:25,079 - app_logger - INFO - Bu bir bilgi mesajıdır.
2025-08-21 02:08:25,079 - app_logger - WARNING - Bu bir uyarı mesajıdır.
2025-08-21 02:08:25,080 - app_logger - ERROR - Bu bir hata mesajıdır.
2025-08-21 02:08:25,080 - app_logger - CRITICAL - Bu bir kritik mesajdır.
2025-08-21 02:13:16,742 - app_logger - DEBUG - Bu bir debug mesajıdır.
2025-08-21 02:13:16,742 - app_logger - INFO - Bu bir bilgi mesajıdır.
2025-08-21 02:13:16,742 - app_logger - WARNING - Bu bir uyarı mesajıdır.
2025-08-21 02:13:16,742 - app_logger - ERROR - Bu bir hata mesajıdır.
2025-08-21 02:13:16,742 - app_logger - CRITICAL - Bu bir kritik mesajdır.
2025-08-21 02:16:16,762 - app_logger - DEBUG - Bu bir debug mesajıdır.
2025-08-21 02:16:16,762 - app_logger - INFO - Bu bir bilgi mesajıdır.
2025-08-21 02:16:16,762 - app_logger - WARNING - Bu bir uyarı mesajıdır.
2025-08-21 02:16:16,763 - app_logger - ERROR - Bu bir hata mesajıdır.
2025-08-21 02:16:16,763 - app_logger - CRITICAL - Bu bir kritik mesajdır.
2025-08-21 02:19:27,447 - app_logger - DEBUG - Bu bir debug mesajıdır.
2025-08-21 02:19:27,449 - app_logger - INFO - Bu bir bilgi mesajıdır.
2025-08-21 02:19:27,449 - app_logger - WARNING - Bu bir uyarı mesajıdır.
2025-08-21 02:19:27,449 - app_logger - ERROR - Bu bir hata mesajıdır.
2025-08-21 02:19:27,449 - app_logger - CRITICAL - Bu bir kritik mesajdır.
2025-08-21 02:21:29,707 - app_logger - DEBUG - Bu bir debug mesajıdır.
2025-08-21 02:21:29,707 - app_logger - INFO - Bu bir bilgi mesajıdır.
2025-08-21 02:21:29,707 - app_logger - WARNING - Bu bir uyarı mesajıdır.
2025-08-21 02:21:29,707 - app_logger - ERROR - Bu bir hata mesajıdır.
2025-08-21 02:21:29,707 - app_logger - CRITICAL - Bu bir kritik mesajdır.
2025-08-21 02:22:44,728 - app_logger - DEBUG - Bu bir debug mesajıdır.
2025-08-21 02:22:44,728 - app_logger - INFO - Bu bir bilgi mesajıdır.
2025-08-21 02:22:44,728 - app_logger - WARNING - Bu bir uyarı mesajıdır.
2025-08-21 02:22:44,729 - app_logger - ERROR - Bu bir hata mesajıdır.
2025-08-21 02:22:44,729 - app_logger - CRITICAL - Bu bir kritik mesajdır.
2025-08-21 02:23:48,569 - app_logger - DEBUG - Bu bir debug mesajıdır.
2025-08-21 02:23:48,569 - app_logger - INFO - Bu bir bilgi mesajıdır.
2025-08-21 02:23:48,569 - app_logger - WARNING - Bu bir uyarı mesajıdır.
2025-08-21 02:23:48,571 - app_logger - ERROR - Bu bir hata mesajıdır.
2025-08-21 02:23:48,571 - app_logger - CRITICAL - Bu bir kritik mesajdır.
2025-08-21 02:25:15,764 - app_logger - DEBUG - Bu bir debug mesajıdır.
2025-08-21 02:25:15,764 - app_logger - INFO - Bu bir bilgi mesajıdır.
2025-08-21 02:25:15,764 - app_logger - WARNING - Bu bir uyarı mesajıdır.
2025-08-21 02:25:15,766 - app_logger - ERROR - Bu bir hata mesajıdır.
2025-08-21 02:25:15,766 - app_logger - CRITICAL - Bu bir kritik mesajdır.
2025-08-21 02:27:27,954 - app_logger - DEBUG - Bu bir debug mesajıdır.
2025-08-21 02:27:27,954 - app_logger - INFO - Bu bir bilgi mesajıdır.
2025-08-21 02:27:27,954 - app_logger - WARNING - Bu bir uyarı mesajıdır.
2025-08-21 02:27:27,954 - app_logger - ERROR - Bu bir hata mesajıdır.
2025-08-21 02:27:27,955 - app_logger - CRITICAL - Bu bir kritik mesajdır.
2025-08-21 02:29:32,288 - app_logger - DEBUG - Bu bir debug mesajıdır.
2025-08-21 02:29:32,288 - app_logger - INFO - Bu bir bilgi mesajıdır.
2025-08-21 02:29:32,288 - app_logger - WARNING - Bu bir uyarı mesajıdır.
2025-08-21 02:29:32,289 - app_logger - ERROR - Bu bir hata mesajıdır.
2025-08-21 02:29:32,289 - app_logger - CRITICAL - Bu bir kritik mesajdır.
2025-08-21 02:35:08,587 - app_logger - DEBUG - Bu bir debug mesajıdır.
2025-08-21 02:35:08,587 - app_logger - INFO - Bu bir bilgi mesajıdır.
2025-08-21 02:35:08,588 - app_logger - WARNING - Bu bir uyarı mesajıdır.
2025-08-21 02:35:08,588 - app_logger - ERROR - Bu bir hata mesajıdır.
2025-08-21 02:35:08,588 - app_logger - CRITICAL - Bu bir kritik mesajdır.
2025-08-21 02:43:02,174 - app_logger - DEBUG - Bu bir debug mesajıdır.
2025-08-21 02:43:02,174 - app_logger - INFO - Bu bir bilgi mesajıdır.
2025-08-21 02:43:02,174 - app_logger - WARNING - Bu bir uyarı mesajıdır.
2025-08-21 02:43:02,174 - app_logger - ERROR - Bu bir hata mesajıdır.
2025-08-21 02:43:02,174 - app_logger - CRITICAL - Bu bir kritik mesajdır.
2025-08-21 02:47:13,687 - app_logger - DEBUG - Bu bir debug mesajıdır.
2025-08-21 02:47:13,687 - app_logger - INFO - Bu bir bilgi mesajıdır.
2025-08-21 02:47:13,687 - app_logger - WARNING - Bu bir uyarı mesajıdır.
2025-08-21 02:47:13,687 - app_logger - ERROR - Bu bir hata mesajıdır.
2025-08-21 02:47:13,687 - app_logger - CRITICAL - Bu bir kritik mesajdır.
2025-08-21 02:49:57,952 - app_logger - DEBUG - Bu bir debug mesajıdır.
2025-08-21 02:49:57,952 - app_logger - INFO - Bu bir bilgi mesajıdır.
2025-08-21 02:49:57,952 - app_logger - WARNING - Bu bir uyarı mesajıdır.
2025-08-21 02:49:57,952 - app_logger - ERROR - Bu bir hata mesajıdır.
2025-08-21 02:49:57,952 - app_logger - CRITICAL - Bu bir kritik mesajdır.
2025-08-21 02:53:04,996 - app_logger - DEBUG - Bu bir debug mesajıdır.
2025-08-21 02:53:04,996 - app_logger - INFO - Bu bir bilgi mesajıdır.
2025-08-21 02:53:04,996 - app_logger - WARNING - Bu bir uyarı mesajıdır.
2025-08-21 02:53:04,996 - app_logger - ERROR - Bu bir hata mesajıdır.
2025-08-21 02:53:04,996 - app_logger - CRITICAL - Bu bir kritik mesajdır.
2025-08-21 02:55:37,040 - app_logger - DEBUG - Bu bir debug mesajıdır.
2025-08-21 02:55:37,040 - app_logger - INFO - Bu bir bilgi mesajıdır.
2025-08-21 02:55:37,041 - app_logger - WARNING - Bu bir uyarı mesajıdır.
2025-08-21 02:55:37,041 - app_logger - ERROR - Bu bir hata mesajıdır.
2025-08-21 02:55:37,041 - app_logger - CRITICAL - Bu bir kritik mesajdır.
2025-08-21 03:14:14,622 - app_logger - DEBUG - Bu bir debug mesajıdır.
2025-08-21 03:14:14,622 - app_logger - INFO - Bu bir bilgi mesajıdır.
2025-08-21 03:14:14,622 - app_logger - WARNING - Bu bir uyarı mesajıdır.
2025-08-21 03:14:14,622 - app_logger - ERROR - Bu bir hata mesajıdır.
2025-08-21 03:14:14,622 - app_logger - CRITICAL - Bu bir kritik mesajdır.
2025-08-21 03:15:42,994 - app_logger - DEBUG - Bu bir debug mesajıdır.
2025-08-21 03:15:42,994 - app_logger - INFO - Bu bir bilgi mesajıdır.
2025-08-21 03:15:42,996 - app_logger - WARNING - Bu bir uyarı mesajıdır.
2025-08-21 03:15:42,996 - app_logger - ERROR - Bu bir hata mesajıdır.
2025-08-21 03:15:42,996 - app_logger - CRITICAL - Bu bir kritik mesajdır.
2025-08-21 03:29:07,747 - app_logger - DEBUG - Bu bir debug mesajıdır.
2025-08-21 03:29:07,747 - app_logger - INFO - Bu bir bilgi mesajıdır.
2025-08-21 03:29:07,748 - app_logger - WARNING - Bu bir uyarı mesajıdır.
2025-08-21 03:29:07,748 - app_logger - ERROR - Bu bir hata mesajıdır.
2025-08-21 03:29:07,748 - app_logger - CRITICAL - Bu bir kritik mesajdır.
2025-08-21 03:30:04,279 - app_logger - DEBUG - Bu bir debug mesajıdır.
2025-08-21 03:30:04,279 - app_logger - INFO - Bu bir bilgi mesajıdır.
2025-08-21 03:30:04,279 - app_logger - WARNING - Bu bir uyarı mesajıdır.
2025-08-21 03:30:04,279 - app_logger - ERROR - Bu bir hata mesajıdır.
2025-08-21 03:30:04,279 - app_logger - CRITICAL - Bu bir kritik mesajdır.
2025-08-21 03:31:27,467 - app_logger - DEBUG - Bu bir debug mesajıdır.
2025-08-21 03:31:27,468 - app_logger - INFO - Bu bir bilgi mesajıdır.
2025-08-21 03:31:27,468 - app_logger - WARNING - Bu bir uyarı mesajıdır.
2025-08-21 03:31:27,468 - app_logger - ERROR - Bu bir hata mesajıdır.
2025-08-21 03:31:27,468 - app_logger - CRITICAL - Bu bir kritik mesajdır.
2025-08-21 03:37:48,192 - app_logger - DEBUG - Bu bir debug mesajıdır.
2025-08-21 03:37:48,192 - app_logger - INFO - Bu bir bilgi mesajıdır.
2025-08-21 03:37:48,192 - app_logger - WARNING - Bu bir uyarı mesajıdır.
2025-08-21 03:37:48,192 - app_logger - ERROR - Bu bir hata mesajıdır.
2025-08-21 03:37:48,192 - app_logger - CRITICAL - Bu bir kritik mesajdır.
2025-08-21 03:45:39,919 - app_logger - DEBUG - Bu bir debug mesajıdır.
2025-08-21 03:45:39,919 - app_logger - INFO - Bu bir bilgi mesajıdır.
2025-08-21 03:45:39,920 - app_logger - WARNING - Bu bir uyarı mesajıdır.
2025-08-21 03:45:39,920 - app_logger - ERROR - Bu bir hata mesajıdır.
2025-08-21 03:45:39,920 - app_logger - CRITICAL - Bu bir kritik mesajdır.
2025-08-21 03:48:24,208 - app_logger - DEBUG - Bu bir debug mesajıdır.
2025-08-21 03:48:24,208 - app_logger - INFO - Bu bir bilgi mesajıdır.
2025-08-21 03:48:24,208 - app_logger - WARNING - Bu bir uyarı mesajıdır.
2025-08-21 03:48:24,208 - app_logger - ERROR - Bu bir hata mesajıdır.
2025-08-21 03:48:24,208 - app_logger - CRITICAL - Bu bir kritik mesajdır.
2025-08-21 03:52:30,485 - app_logger - DEBUG - Bu bir debug mesajıdır.
2025-08-21 03:52:30,487 - app_logger - INFO - Bu bir bilgi mesajıdır.
2025-08-21 03:52:30,487 - app_logger - WARNING - Bu bir uyarı mesajıdır.
2025-08-21 03:52:30,487 - app_logger - ERROR - Bu bir hata mesajıdır.
2025-08-21 03:52:30,487 - app_logger - CRITICAL - Bu bir kritik mesajdır.
2025-08-21 03:56:49,306 - app_logger - DEBUG - Bu bir debug mesajıdır.
2025-08-21 03:56:49,306 - app_logger - INFO - Bu bir bilgi mesajıdır.
2025-08-21 03:56:49,306 - app_logger - WARNING - Bu bir uyarı mesajıdır.
2025-08-21 03:56:49,306 - app_logger - ERROR - Bu bir hata mesajıdır.
2025-08-21 03:56:49,306 - app_logger - CRITICAL - Bu bir kritik mesajdır.
2025-08-21 04:02:34,099 - app_logger - DEBUG - Bu bir debug mesajıdır.
2025-08-21 04:02:34,100 - app_logger - INFO - Bu bir bilgi mesajıdır.
2025-08-21 04:02:34,100 - app_logger - WARNING - Bu bir uyarı mesajıdır.
2025-08-21 04:02:34,100 - app_logger - ERROR - Bu bir hata mesajıdır.
2025-08-21 04:02:34,100 - app_logger - CRITICAL - Bu bir kritik mesajdır.
2025-08-21 04:04:56,275 - app_logger - DEBUG - Bu bir debug mesajıdır.
2025-08-21 04:04:56,276 - app_logger - INFO - Bu bir bilgi mesajıdır.
2025-08-21 04:04:56,276 - app_logger - WARNING - Bu bir uyarı mesajıdır.
2025-08-21 04:04:56,276 - app_logger - ERROR - Bu bir hata mesajıdır.
2025-08-21 04:04:56,277 - app_logger - CRITICAL - Bu bir kritik mesajdır.
2025-08-21 04:07:33,861 - app_logger - DEBUG - Bu bir debug mesajıdır.
2025-08-21 04:07:33,861 - app_logger - INFO - Bu bir bilgi mesajıdır.
2025-08-21 04:07:33,861 - app_logger - WARNING - Bu bir uyarı mesajıdır.
2025-08-21 04:07:33,861 - app_logger - ERROR - Bu bir hata mesajıdır.
2025-08-21 04:07:33,861 - app_logger - CRITICAL - Bu bir kritik mesajdır.
2025-08-21 04:09:09,398 - app_logger - DEBUG - Bu bir debug mesajıdır.
2025-08-21 04:09:09,398 - app_logger - INFO - Bu bir bilgi mesajıdır.
2025-08-21 04:09:09,398 - app_logger - WARNING - Bu bir uyarı mesajıdır.
2025-08-21 04:09:09,398 - app_logger - ERROR - Bu bir hata mesajıdır.
2025-08-21 04:09:09,398 - app_logger - CRITICAL - Bu bir kritik mesajdır.
2025-08-21 04:12:17,245 - app_logger - DEBUG - Bu bir debug mesajıdır.
2025-08-21 04:12:17,245 - app_logger - INFO - Bu bir bilgi mesajıdır.
2025-08-21 04:12:17,245 - app_logger - WARNING - Bu bir uyarı mesajıdır.
2025-08-21 04:12:17,245 - app_logger - ERROR - Bu bir hata mesajıdır.
2025-08-21 04:12:17,245 - app_logger - CRITICAL - Bu bir kritik mesajdır.
2025-08-21 04:16:16,590 - app_logger - DEBUG - Bu bir debug mesajıdır.
2025-08-21 04:16:16,590 - app_logger - INFO - Bu bir bilgi mesajıdır.
2025-08-21 04:16:16,590 - app_logger - WARNING - Bu bir uyarı mesajıdır.
2025-08-21 04:16:16,590 - app_logger - ERROR - Bu bir hata mesajıdır.
2025-08-21 04:16:16,592 - app_logger - CRITICAL - Bu bir kritik mesajdır.
2025-08-21 04:19:02,408 - app_logger - DEBUG - Bu bir debug mesajıdır.
2025-08-21 04:19:02,408 - app_logger - INFO - Bu bir bilgi mesajıdır.
2025-08-21 04:19:02,410 - app_logger - WARNING - Bu bir uyarı mesajıdır.
2025-08-21 04:19:02,410 - app_logger - ERROR - Bu bir hata mesajıdır.
2025-08-21 04:19:02,410 - app_logger - CRITICAL - Bu bir kritik mesajdır.
2025-08-21 20:41:47,420 - app_logger - DEBUG - Bu bir debug mesajıdır.
2025-08-21 20:41:47,421 - app_logger - INFO - Bu bir bilgi mesajıdır.
2025-08-21 20:41:47,421 - app_logger - WARNING - Bu bir uyarı mesajıdır.
2025-08-21 20:41:47,421 - app_logger - ERROR - Bu bir hata mesajıdır.
2025-08-21 20:41:47,422 - app_logger - CRITICAL - Bu bir kritik mesajdır.
2025-08-22 00:56:28,287 - app_logger - DEBUG - Bu bir debug mesajıdır.
2025-08-22 00:56:28,287 - app_logger - INFO - Bu bir bilgi mesajıdır.
2025-08-22 00:56:28,287 - app_logger - WARNING - Bu bir uyarı mesajıdır.
2025-08-22 00:56:28,289 - app_logger - ERROR - Bu bir hata mesajıdır.
2025-08-22 00:56:28,289 - app_logger - CRITICAL - Bu bir kritik mesajdır.
2025-08-22 00:58:39,365 - app_logger - DEBUG - Bu bir debug mesajıdır.
2025-08-22 00:58:39,366 - app_logger - INFO - Bu bir bilgi mesajıdır.
2025-08-22 00:58:39,366 - app_logger - WARNING - Bu bir uyarı mesajıdır.
2025-08-22 00:58:39,367 - app_logger - ERROR - Bu bir hata mesajıdır.
2025-08-22 00:58:39,367 - app_logger - CRITICAL - Bu bir kritik mesajdır.
2025-08-22 01:23:24,882 - app_logger - DEBUG - Bu bir debug mesajıdır.
2025-08-22 01:23:24,884 - app_logger - INFO - Bu bir bilgi mesajıdır.
2025-08-22 01:23:24,884 - app_logger - WARNING - Bu bir uyarı mesajıdır.
2025-08-22 01:23:24,884 - app_logger - ERROR - Bu bir hata mesajıdır.
2025-08-22 01:23:24,885 - app_logger - CRITICAL - Bu bir kritik mesajdır.
2025-08-22 01:45:16,264 - app_logger - DEBUG - Bu bir debug mesajıdır.
2025-08-22 01:45:16,265 - app_logger - INFO - Bu bir bilgi mesajıdır.
2025-08-22 01:45:16,265 - app_logger - WARNING - Bu bir uyarı mesajıdır.
2025-08-22 01:45:16,265 - app_logger - ERROR - Bu bir hata mesajıdır.
2025-08-22 01:45:16,265 - app_logger - CRITICAL - Bu bir kritik mesajdır.
2025-08-22 01:45:56,367 - app_logger - DEBUG - Bu bir debug mesajıdır.
2025-08-22 01:45:56,367 - app_logger - INFO - Bu bir bilgi mesajıdır.
2025-08-22 01:45:56,367 - app_logger - WARNING - Bu bir uyarı mesajıdır.
2025-08-22 01:45:56,367 - app_logger - ERROR - Bu bir hata mesajıdır.
2025-08-22 01:45:56,367 - app_logger - CRITICAL - Bu bir kritik mesajdır.
2025-08-22 01:47:04,607 - app_logger - DEBUG - Bu bir debug mesajıdır.
2025-08-22 01:47:04,607 - app_logger - INFO - Bu bir bilgi mesajıdır.
2025-08-22 01:47:04,609 - app_logger - WARNING - Bu bir uyarı mesajıdır.
2025-08-22 01:47:04,609 - app_logger - ERROR - Bu bir hata mesajıdır.
2025-08-22 01:47:04,609 - app_logger - CRITICAL - Bu bir kritik mesajdır.
2025-08-22 01:57:06,210 - app_logger - DEBUG - Bu bir debug mesajıdır.
2025-08-22 01:57:06,210 - app_logger - INFO - Bu bir bilgi mesajıdır.
2025-08-22 01:57:06,210 - app_logger - WARNING - Bu bir uyarı mesajıdır.
2025-08-22 01:57:06,210 - app_logger - ERROR - Bu bir hata mesajıdır.
2025-08-22 01:57:06,211 - app_logger - CRITICAL - Bu bir kritik mesajdır.
2025-08-22 01:58:41,360 - app_logger - DEBUG - Bu bir debug mesajıdır.
2025-08-22 01:58:41,361 - app_logger - INFO - Bu bir bilgi mesajıdır.
2025-08-22 01:58:41,372 - app_logger - WARNING - Bu bir uyarı mesajıdır.
2025-08-22 01:58:41,373 - app_logger - ERROR - Bu bir hata mesajıdır.
2025-08-22 01:58:41,373 - app_logger - CRITICAL - Bu bir kritik mesajdır.
2025-08-23 02:29:04,961 - app_logger - DEBUG - Bu bir debug mesajıdır.
2025-08-23 02:29:04,963 - app_logger - INFO - Bu bir bilgi mesajıdır.
2025-08-23 02:29:04,963 - app_logger - WARNING - Bu bir uyarı mesajıdır.
2025-08-23 02:29:04,964 - app_logger - ERROR - Bu bir hata mesajıdır.
2025-08-23 02:29:04,964 - app_logger - CRITICAL - Bu bir kritik mesajdır.
2025-08-23 02:47:06,099 - app_logger - DEBUG - Bu bir debug mesajıdır.
2025-08-23 02:47:06,099 - app_logger - INFO - Bu bir bilgi mesajıdır.
2025-08-23 02:47:06,099 - app_logger - WARNING - Bu bir uyarı mesajıdır.
2025-08-23 02:47:06,099 - app_logger - ERROR - Bu bir hata mesajıdır.
2025-08-23 02:47:06,100 - app_logger - CRITICAL - Bu bir kritik mesajdır.
2025-08-23 02:53:15,640 - app_logger - DEBUG - Bu bir debug mesajıdır.
2025-08-23 02:53:15,640 - app_logger - INFO - Bu bir bilgi mesajıdır.
2025-08-23 02:53:15,640 - app_logger - WARNING - Bu bir uyarı mesajıdır.
2025-08-23 02:53:15,640 - app_logger - ERROR - Bu bir hata mesajıdır.
2025-08-23 02:53:15,640 - app_logger - CRITICAL - Bu bir kritik mesajdır.
2025-08-23 02:57:52,473 - app_logger - DEBUG - Bu bir debug mesajıdır.
2025-08-23 02:57:52,473 - app_logger - INFO - Bu bir bilgi mesajıdır.
2025-08-23 02:57:52,474 - app_logger - WARNING - Bu bir uyarı mesajıdır.
2025-08-23 02:57:52,474 - app_logger - ERROR - Bu bir hata mesajıdır.
2025-08-23 02:57:52,474 - app_logger - CRITICAL - Bu bir kritik mesajdır.
2025-08-23 03:02:46,345 - app_logger - DEBUG - Bu bir debug mesajıdır.
2025-08-23 03:02:46,345 - app_logger - INFO - Bu bir bilgi mesajıdır.
2025-08-23 03:02:46,345 - app_logger - WARNING - Bu bir uyarı mesajıdır.
2025-08-23 03:02:46,345 - app_logger - ERROR - Bu bir hata mesajıdır.
2025-08-23 03:02:46,345 - app_logger - CRITICAL - Bu bir kritik mesajdır.
2025-08-23 03:04:03,058 - app_logger - DEBUG - Bu bir debug mesajıdır.
2025-08-23 03:04:03,059 - app_logger - INFO - Bu bir bilgi mesajıdır.
2025-08-23 03:04:03,059 - app_logger - WARNING - Bu bir uyarı mesajıdır.
2025-08-23 03:04:03,059 - app_logger - ERROR - Bu bir hata mesajıdır.
2025-08-23 03:04:03,059 - app_logger - CRITICAL - Bu bir kritik mesajdır.
2025-08-23 03:11:25,425 - app_logger - DEBUG - Bu bir debug mesajıdır.
2025-08-23 03:11:25,425 - app_logger - INFO - Bu bir bilgi mesajıdır.
2025-08-23 03:11:25,426 - app_logger - WARNING - Bu bir uyarı mesajıdır.
2025-08-23 03:11:25,426 - app_logger - ERROR - Bu bir hata mesajıdır.
2025-08-23 03:11:25,426 - app_logger - CRITICAL - Bu bir kritik mesajdır.
2025-08-23 03:14:13,701 - app_logger - DEBUG - Bu bir debug mesajıdır.
2025-08-23 03:14:13,701 - app_logger - INFO - Bu bir bilgi mesajıdır.
2025-08-23 03:14:13,701 - app_logger - WARNING - Bu bir uyarı mesajıdır.
2025-08-23 03:14:13,701 - app_logger - ERROR - Bu bir hata mesajıdır.
2025-08-23 03:14:13,703 - app_logger - CRITICAL - Bu bir kritik mesajdır.
2025-08-23 03:15:29,239 - app_logger - DEBUG - Bu bir debug mesajıdır.
2025-08-23 03:15:29,241 - app_logger - INFO - Bu bir bilgi mesajıdır.
2025-08-23 03:15:29,241 - app_logger - WARNING - Bu bir uyarı mesajıdır.
2025-08-23 03:15:29,241 - app_logger - ERROR - Bu bir hata mesajıdır.
2025-08-23 03:15:29,241 - app_logger - CRITICAL - Bu bir kritik mesajdır.
2025-08-23 03:18:37,985 - app_logger - DEBUG - Bu bir debug mesajıdır.
2025-08-23 03:18:37,985 - app_logger - INFO - Bu bir bilgi mesajıdır.
2025-08-23 03:18:37,986 - app_logger - WARNING - Bu bir uyarı mesajıdır.
2025-08-23 03:18:37,986 - app_logger - ERROR - Bu bir hata mesajıdır.
2025-08-23 03:18:37,986 - app_logger - CRITICAL - Bu bir kritik mesajdır.
2025-08-23 03:20:36,878 - app_logger - DEBUG - Bu bir debug mesajıdır.
2025-08-23 03:20:36,878 - app_logger - INFO - Bu bir bilgi mesajıdır.
2025-08-23 03:20:36,878 - app_logger - WARNING - Bu bir uyarı mesajıdır.
2025-08-23 03:20:36,879 - app_logger - ERROR - Bu bir hata mesajıdır.
2025-08-23 03:20:36,879 - app_logger - CRITICAL - Bu bir kritik mesajdır.
2025-08-23 03:34:00,693 - app_logger - DEBUG - Bu bir debug mesajıdır.
2025-08-23 03:34:00,693 - app_logger - INFO - Bu bir bilgi mesajıdır.
2025-08-23 03:34:00,693 - app_logger - WARNING - Bu bir uyarı mesajıdır.
2025-08-23 03:34:00,693 - app_logger - ERROR - Bu bir hata mesajıdır.
2025-08-23 03:34:00,694 - app_logger - CRITICAL - Bu bir kritik mesajdır.
2025-08-23 03:35:13,468 - app_logger - DEBUG - Bu bir debug mesajıdır.
2025-08-23 03:35:13,468 - app_logger - INFO - Bu bir bilgi mesajıdır.
2025-08-23 03:35:13,468 - app_logger - WARNING - Bu bir uyarı mesajıdır.
2025-08-23 03:35:13,468 - app_logger - ERROR - Bu bir hata mesajıdır.
2025-08-23 03:35:13,468 - app_logger - CRITICAL - Bu bir kritik mesajdır.
2025-08-23 03:36:01,077 - app_logger - DEBUG - Bu bir debug mesajıdır.
2025-08-23 03:36:01,079 - app_logger - INFO - Bu bir bilgi mesajıdır.
2025-08-23 03:36:01,079 - app_logger - WARNING - Bu bir uyarı mesajıdır.
2025-08-23 03:36:01,079 - app_logger - ERROR - Bu bir hata mesajıdır.
2025-08-23 03:36:01,080 - app_logger - CRITICAL - Bu bir kritik mesajdır.
2025-08-23 03:36:46,965 - app_logger - DEBUG - Bu bir debug mesajıdır.
2025-08-23 03:36:46,966 - app_logger - INFO - Bu bir bilgi mesajıdır.
2025-08-23 03:36:46,966 - app_logger - WARNING - Bu bir uyarı mesajıdır.
2025-08-23 03:36:46,966 - app_logger - ERROR - Bu bir hata mesajıdır.
2025-08-23 03:36:46,966 - app_logger - CRITICAL - Bu bir kritik mesajdır.
2025-08-23 03:38:20,769 - app_logger - DEBUG - Bu bir debug mesajıdır.
2025-08-23 03:38:20,770 - app_logger - INFO - Bu bir bilgi mesajıdır.
2025-08-23 03:38:20,770 - app_logger - WARNING - Bu bir uyarı mesajıdır.
2025-08-23 03:38:20,770 - app_logger - ERROR - Bu bir hata mesajıdır.
2025-08-23 03:38:20,770 - app_logger - CRITICAL - Bu bir kritik mesajdır.
2025-08-23 03:45:23,899 - app_logger - DEBUG - Bu bir debug mesajıdır.
2025-08-23 03:45:23,900 - app_logger - INFO - Bu bir bilgi mesajıdır.
2025-08-23 03:45:23,901 - app_logger - WARNING - Bu bir uyarı mesajıdır.
2025-08-23 03:45:23,901 - app_logger - ERROR - Bu bir hata mesajıdır.
2025-08-23 03:45:23,901 - app_logger - CRITICAL - Bu bir kritik mesajdır.
2025-08-23 03:46:04,169 - app_logger - DEBUG - Bu bir debug mesajıdır.
2025-08-23 03:46:04,170 - app_logger - INFO - Bu bir bilgi mesajıdır.
2025-08-23 03:46:04,170 - app_logger - WARNING - Bu bir uyarı mesajıdır.
2025-08-23 03:46:04,170 - app_logger - ERROR - Bu bir hata mesajıdır.
2025-08-23 03:46:04,170 - app_logger - CRITICAL - Bu bir kritik mesajdır.
2025-08-23 03:48:46,975 - app_logger - DEBUG - Bu bir debug mesajıdır.
2025-08-23 03:48:46,975 - app_logger - INFO - Bu bir bilgi mesajıdır.
2025-08-23 03:48:46,976 - app_logger - WARNING - Bu bir uyarı mesajıdır.
2025-08-23 03:48:46,976 - app_logger - ERROR - Bu bir hata mesajıdır.
2025-08-23 03:48:46,976 - app_logger - CRITICAL - Bu bir kritik mesajdır.
2025-08-23 03:52:10,244 - app_logger - DEBUG - Bu bir debug mesajıdır.
2025-08-23 03:52:10,244 - app_logger - INFO - Bu bir bilgi mesajıdır.
2025-08-23 03:52:10,244 - app_logger - WARNING - Bu bir uyarı mesajıdır.
2025-08-23 03:52:10,246 - app_logger - ERROR - Bu bir hata mesajıdır.
2025-08-23 03:52:10,246 - app_logger - CRITICAL - Bu bir kritik mesajdır.
2025-08-23 20:12:19,091 - app_logger - DEBUG - Bu bir debug mesajıdır.
2025-08-23 20:12:19,093 - app_logger - INFO - Bu bir bilgi mesajıdır.
2025-08-23 20:12:19,093 - app_logger - WARNING - Bu bir uyarı mesajıdır.
2025-08-23 20:12:19,095 - app_logger - ERROR - Bu bir hata mesajıdır.
2025-08-23 20:12:19,095 - app_logger - CRITICAL - Bu bir kritik mesajdır.
2025-08-25 00:38:06,463 - app_logger - DEBUG - Bu bir debug mesajıdır.
2025-08-25 00:38:06,464 - app_logger - INFO - Bu bir bilgi mesajıdır.
2025-08-25 00:38:06,464 - app_logger - WARNING - Bu bir uyarı mesajıdır.
2025-08-25 00:38:06,464 - app_logger - ERROR - Bu bir hata mesajıdır.
2025-08-25 00:38:06,464 - app_logger - CRITICAL - Bu bir kritik mesajdır.
2025-08-25 03:26:07,260 - app_logger - DEBUG - Bu bir debug mesajıdır.
2025-08-25 03:26:07,260 - app_logger - INFO - Bu bir bilgi mesajıdır.
2025-08-25 03:26:07,260 - app_logger - WARNING - Bu bir uyarı mesajıdır.
2025-08-25 03:26:07,261 - app_logger - ERROR - Bu bir hata mesajıdır.
2025-08-25 03:26:07,261 - app_logger - CRITICAL - Bu bir kritik mesajdır.
2025-08-25 03:33:46,550 - app_logger - DEBUG - Bu bir debug mesajıdır.
2025-08-25 03:33:46,550 - app_logger - INFO - Bu bir bilgi mesajıdır.
2025-08-25 03:33:46,550 - app_logger - WARNING - Bu bir uyarı mesajıdır.
2025-08-25 03:33:46,550 - app_logger - ERROR - Bu bir hata mesajıdır.
2025-08-25 03:33:46,550 - app_logger - CRITICAL - Bu bir kritik mesajdır.
2025-08-25 03:54:24,307 - app_logger - DEBUG - Bu bir debug mesajıdır.
2025-08-25 03:54:24,307 - app_logger - INFO - Bu bir bilgi mesajıdır.
2025-08-25 03:54:24,308 - app_logger - WARNING - Bu bir uyarı mesajıdır.
2025-08-25 03:54:24,308 - app_logger - ERROR - Bu bir hata mesajıdır.
2025-08-25 03:54:24,308 - app_logger - CRITICAL - Bu bir kritik mesajdır.
2025-08-25 04:00:28,261 - app_logger - DEBUG - Bu bir debug mesajıdır.
2025-08-25 04:00:28,261 - app_logger - INFO - Bu bir bilgi mesajıdır.
2025-08-25 04:00:28,261 - app_logger - WARNING - Bu bir uyarı mesajıdır.
2025-08-25 04:00:28,262 - app_logger - ERROR - Bu bir hata mesajıdır.
2025-08-25 04:00:28,262 - app_logger - CRITICAL - Bu bir kritik mesajdır.
2025-08-25 04:06:58,317 - app_logger - DEBUG - Bu bir debug mesajıdır.
2025-08-25 04:06:58,317 - app_logger - INFO - Bu bir bilgi mesajıdır.
2025-08-25 04:06:58,317 - app_logger - WARNING - Bu bir uyarı mesajıdır.
2025-08-25 04:06:58,317 - app_logger - ERROR - Bu bir hata mesajıdır.
2025-08-25 04:06:58,317 - app_logger - CRITICAL - Bu bir kritik mesajdır.
2025-08-25 04:12:24,955 - app_logger - DEBUG - Bu bir debug mesajıdır.
2025-08-25 04:12:24,955 - app_logger - INFO - Bu bir bilgi mesajıdır.
2025-08-25 04:12:24,955 - app_logger - WARNING - Bu bir uyarı mesajıdır.
2025-08-25 04:12:24,955 - app_logger - ERROR - Bu bir hata mesajıdır.
2025-08-25 04:12:24,955 - app_logger - CRITICAL - Bu bir kritik mesajdır.
2025-08-25 04:23:53,433 - app_logger - DEBUG - Bu bir debug mesajıdır.
2025-08-25 04:23:53,433 - app_logger - INFO - Bu bir bilgi mesajıdır.
2025-08-25 04:23:53,433 - app_logger - WARNING - Bu bir uyarı mesajıdır.
2025-08-25 04:23:53,433 - app_logger - ERROR - Bu bir hata mesajıdır.
2025-08-25 04:23:53,433 - app_logger - CRITICAL - Bu bir kritik mesajdır.
2025-08-25 04:35:19,271 - app_logger - DEBUG - Bu bir debug mesajıdır.
2025-08-25 04:35:19,272 - app_logger - INFO - Bu bir bilgi mesajıdır.
2025-08-25 04:35:19,272 - app_logger - WARNING - Bu bir uyarı mesajıdır.
2025-08-25 04:35:19,272 - app_logger - ERROR - Bu bir hata mesajıdır.
2025-08-25 04:35:19,272 - app_logger - CRITICAL - Bu bir kritik mesajdır.
2025-08-25 04:36:51,195 - app_logger - DEBUG - Bu bir debug mesajıdır.
2025-08-25 04:36:51,195 - app_logger - INFO - Bu bir bilgi mesajıdır.
2025-08-25 04:36:51,195 - app_logger - WARNING - Bu bir uyarı mesajıdır.
2025-08-25 04:36:51,195 - app_logger - ERROR - Bu bir hata mesajıdır.
2025-08-25 04:36:51,197 - app_logger - CRITICAL - Bu bir kritik mesajdır.
2025-08-25 04:41:13,814 - app_logger - DEBUG - Bu bir debug mesajıdır.
2025-08-25 04:41:13,814 - app_logger - INFO - Bu bir bilgi mesajıdır.
2025-08-25 04:41:13,814 - app_logger - WARNING - Bu bir uyarı mesajıdır.
2025-08-25 04:41:13,814 - app_logger - ERROR - Bu bir hata mesajıdır.
2025-08-25 04:41:13,814 - app_logger - CRITICAL - Bu bir kritik mesajdır.
2025-08-25 04:43:18,392 - app_logger - DEBUG - Bu bir debug mesajıdır.
2025-08-25 04:43:18,392 - app_logger - INFO - Bu bir bilgi mesajıdır.
2025-08-25 04:43:18,392 - app_logger - WARNING - Bu bir uyarı mesajıdır.
2025-08-25 04:43:18,392 - app_logger - ERROR - Bu bir hata mesajıdır.
2025-08-25 04:43:18,392 - app_logger - CRITICAL - Bu bir kritik mesajdır.
2025-08-25 04:55:14,681 - app_logger - DEBUG - Bu bir debug mesajıdır.
2025-08-25 04:55:14,681 - app_logger - INFO - Bu bir bilgi mesajıdır.
2025-08-25 04:55:14,681 - app_logger - WARNING - Bu bir uyarı mesajıdır.
2025-08-25 04:55:14,682 - app_logger - ERROR - Bu bir hata mesajıdır.
2025-08-25 04:55:14,682 - app_logger - CRITICAL - Bu bir kritik mesajdır.
2025-08-25 04:57:55,762 - app_logger - DEBUG - Bu bir debug mesajıdır.
2025-08-25 04:57:55,762 - app_logger - INFO - Bu bir bilgi mesajıdır.
2025-08-25 04:57:55,763 - app_logger - WARNING - Bu bir uyarı mesajıdır.
2025-08-25 04:57:55,763 - app_logger - ERROR - Bu bir hata mesajıdır.
2025-08-25 04:57:55,763 - app_logger - CRITICAL - Bu bir kritik mesajdır.
2025-08-25 05:03:28,534 - app_logger - DEBUG - Bu bir debug mesajıdır.
2025-08-25 05:03:28,534 - app_logger - INFO - Bu bir bilgi mesajıdır.
2025-08-25 05:03:28,534 - app_logger - WARNING - Bu bir uyarı mesajıdır.
2025-08-25 05:03:28,534 - app_logger - ERROR - Bu bir hata mesajıdır.
2025-08-25 05:03:28,534 - app_logger - CRITICAL - Bu bir kritik mesajdır.
2025-08-25 05:07:49,139 - app_logger - DEBUG - Bu bir debug mesajıdır.
2025-08-25 05:07:49,139 - app_logger - INFO - Bu bir bilgi mesajıdır.
2025-08-25 05:07:49,139 - app_logger - WARNING - Bu bir uyarı mesajıdır.
2025-08-25 05:07:49,139 - app_logger - ERROR - Bu bir hata mesajıdır.
2025-08-25 05:07:49,139 - app_logger - CRITICAL - Bu bir kritik mesajdır.
2025-08-25 05:09:53,608 - app_logger - DEBUG - Bu bir debug mesajıdır.
2025-08-25 05:09:53,608 - app_logger - INFO - Bu bir bilgi mesajıdır.
2025-08-25 05:09:53,608 - app_logger - WARNING - Bu bir uyarı mesajıdır.
2025-08-25 05:09:53,609 - app_logger - ERROR - Bu bir hata mesajıdır.
2025-08-25 05:09:53,609 - app_logger - CRITICAL - Bu bir kritik mesajdır.
2025-08-25 05:13:12,395 - app_logger - DEBUG - Bu bir debug mesajıdır.
2025-08-25 05:13:12,395 - app_logger - INFO - Bu bir bilgi mesajıdır.
2025-08-25 05:13:12,395 - app_logger - WARNING - Bu bir uyarı mesajıdır.
2025-08-25 05:13:12,397 - app_logger - ERROR - Bu bir hata mesajıdır.
2025-08-25 05:13:12,397 - app_logger - CRITICAL - Bu bir kritik mesajdır.
2025-08-25 05:16:00,502 - app_logger - DEBUG - Bu bir debug mesajıdır.
2025-08-25 05:16:00,502 - app_logger - INFO - Bu bir bilgi mesajıdır.
2025-08-25 05:16:00,502 - app_logger - WARNING - Bu bir uyarı mesajıdır.
2025-08-25 05:16:00,502 - app_logger - ERROR - Bu bir hata mesajıdır.
2025-08-25 05:16:00,502 - app_logger - CRITICAL - Bu bir kritik mesajdır.
2025-08-25 05:33:47,831 - app_logger - INFO - Bu bir bilgi mesajıdır.
2025-08-25 05:33:47,832 - app_logger - WARNING - Bu bir uyarı mesajıdır.
2025-08-25 05:33:47,832 - app_logger - ERROR - Bu bir hata mesajıdır.
2025-08-25 05:33:47,832 - app_logger - CRITICAL - Bu bir kritik mesajdır.
2025-08-25 05:38:30,797 - app_logger - INFO - Bu bir bilgi mesajıdır.
2025-08-25 05:38:30,797 - app_logger - WARNING - Bu bir uyarı mesajıdır.
2025-08-25 05:38:30,798 - app_logger - ERROR - Bu bir hata mesajıdır.
2025-08-25 05:38:30,798 - app_logger - CRITICAL - Bu bir kritik mesajdır.
2025-08-25 05:44:44,397 - app_logger - INFO - Bu bir bilgi mesajıdır.
2025-08-25 05:44:44,399 - app_logger - WARNING - Bu bir uyarı mesajıdır.
2025-08-25 05:44:44,399 - app_logger - ERROR - Bu bir hata mesajıdır.
2025-08-25 05:44:44,399 - app_logger - CRITICAL - Bu bir kritik mesajdır.
2025-08-25 05:52:02,426 - app_logger - INFO - Bu bir bilgi mesajıdır.
2025-08-25 05:52:02,426 - app_logger - WARNING - Bu bir uyarı mesajıdır.
2025-08-25 05:52:02,426 - app_logger - ERROR - Bu bir hata mesajıdır.
2025-08-25 05:52:02,426 - app_logger - CRITICAL - Bu bir kritik mesajdır.
2025-08-25 05:54:54,921 - app_logger - INFO - Bu bir bilgi mesajıdır.
2025-08-25 05:54:54,921 - app_logger - WARNING - Bu bir uyarı mesajıdır.
2025-08-25 05:54:54,921 - app_logger - ERROR - Bu bir hata mesajıdır.
2025-08-25 05:54:54,921 - app_logger - CRITICAL - Bu bir kritik mesajdır.
2025-08-25 05:59:32,662 - app_logger - INFO - Bu bir bilgi mesajıdır.
2025-08-25 05:59:32,662 - app_logger - WARNING - Bu bir uyarı mesajıdır.
2025-08-25 05:59:32,662 - app_logger - ERROR - Bu bir hata mesajıdır.
2025-08-25 05:59:32,662 - app_logger - CRITICAL - Bu bir kritik mesajdır.
2025-08-25 06:02:03,208 - app_logger - INFO - Bu bir bilgi mesajıdır.
2025-08-25 06:02:03,208 - app_logger - WARNING - Bu bir uyarı mesajıdır.
2025-08-25 06:02:03,208 - app_logger - ERROR - Bu bir hata mesajıdır.
2025-08-25 06:02:03,209 - app_logger - CRITICAL - Bu bir kritik mesajdır.
2025-08-25 06:03:18,855 - app_logger - INFO - Bu bir bilgi mesajıdır.
2025-08-25 06:03:18,855 - app_logger - WARNING - Bu bir uyarı mesajıdır.
2025-08-25 06:03:18,855 - app_logger - ERROR - Bu bir hata mesajıdır.
2025-08-25 06:03:18,855 - app_logger - CRITICAL - Bu bir kritik mesajdır.
2025-08-25 06:06:35,572 - app_logger - INFO - Bu bir bilgi mesajıdır.
2025-08-25 06:06:35,572 - app_logger - WARNING - Bu bir uyarı mesajıdır.
2025-08-25 06:06:35,572 - app_logger - ERROR - Bu bir hata mesajıdır.
2025-08-25 06:06:35,572 - app_logger - CRITICAL - Bu bir kritik mesajdır.
2025-08-25 16:46:22,288 - app_logger - INFO - Bu bir bilgi mesajıdır.
2025-08-25 16:46:22,289 - app_logger - WARNING - Bu bir uyarı mesajıdır.
2025-08-25 16:46:22,289 - app_logger - ERROR - Bu bir hata mesajıdır.
2025-08-25 16:46:22,289 - app_logger - CRITICAL - Bu bir kritik mesajdır.
2025-08-25 16:55:38,240 - app_logger - INFO - Bu bir bilgi mesajıdır.
2025-08-25 16:55:38,240 - app_logger - WARNING - Bu bir uyarı mesajıdır.
2025-08-25 16:55:38,240 - app_logger - ERROR - Bu bir hata mesajıdır.
2025-08-25 16:55:38,240 - app_logger - CRITICAL - Bu bir kritik mesajdır.
2025-08-25 17:05:23,981 - app_logger - INFO - Bu bir bilgi mesajıdır.
2025-08-25 17:05:23,981 - app_logger - WARNING - Bu bir uyarı mesajıdır.
2025-08-25 17:05:23,981 - app_logger - ERROR - Bu bir hata mesajıdır.
2025-08-25 17:05:23,981 - app_logger - CRITICAL - Bu bir kritik mesajdır.
2025-08-25 17:14:57,662 - app_logger - INFO - Bu bir bilgi mesajıdır.
2025-08-25 17:14:57,663 - app_logger - WARNING - Bu bir uyarı mesajıdır.
2025-08-25 17:14:57,663 - app_logger - ERROR - Bu bir hata mesajıdır.
2025-08-25 17:14:57,663 - app_logger - CRITICAL - Bu bir kritik mesajdır.
2025-08-25 17:18:48,620 - app_logger - INFO - Bu bir bilgi mesajıdır.
2025-08-25 17:18:48,620 - app_logger - WARNING - Bu bir uyarı mesajıdır.
2025-08-25 17:18:48,620 - app_logger - ERROR - Bu bir hata mesajıdır.
2025-08-25 17:18:48,620 - app_logger - CRITICAL - Bu bir kritik mesajdır.
2025-08-25 17:24:50,496 - app_logger - INFO - Bu bir bilgi mesajıdır.
2025-08-25 17:24:50,496 - app_logger - WARNING - Bu bir uyarı mesajıdır.
2025-08-25 17:24:50,497 - app_logger - ERROR - Bu bir hata mesajıdır.
2025-08-25 17:24:50,497 - app_logger - CRITICAL - Bu bir kritik mesajdır.
2025-08-25 17:27:13,602 - app_logger - INFO - Bu bir bilgi mesajıdır.
2025-08-25 17:27:13,602 - app_logger - WARNING - Bu bir uyarı mesajıdır.
2025-08-25 17:27:13,602 - app_logger - ERROR - Bu bir hata mesajıdır.
2025-08-25 17:27:13,602 - app_logger - CRITICAL - Bu bir kritik mesajdır.
2025-08-25 17:30:17,462 - app_logger - INFO - Bu bir bilgi mesajıdır.
2025-08-25 17:30:17,463 - app_logger - WARNING - Bu bir uyarı mesajıdır.
2025-08-25 17:30:17,463 - app_logger - ERROR - Bu bir hata mesajıdır.
2025-08-25 17:30:17,463 - app_logger - CRITICAL - Bu bir kritik mesajdır.
2025-08-25 17:32:06,845 - app_logger - INFO - Bu bir bilgi mesajıdır.
2025-08-25 17:32:06,845 - app_logger - WARNING - Bu bir uyarı mesajıdır.
2025-08-25 17:32:06,845 - app_logger - ERROR - Bu bir hata mesajıdır.
2025-08-25 17:32:06,845 - app_logger - CRITICAL - Bu bir kritik mesajdır.
2025-08-25 17:33:17,483 - app_logger - INFO - Bu bir bilgi mesajıdır.
2025-08-25 17:33:17,484 - app_logger - WARNING - Bu bir uyarı mesajıdır.
2025-08-25 17:33:17,484 - app_logger - ERROR - Bu bir hata mesajıdır.
2025-08-25 17:33:17,484 - app_logger - CRITICAL - Bu bir kritik mesajdır.
2025-08-25 17:39:35,044 - app_logger - INFO - Bu bir bilgi mesajıdır.
2025-08-25 17:39:35,044 - app_logger - WARNING - Bu bir uyarı mesajıdır.
2025-08-25 17:39:35,044 - app_logger - ERROR - Bu bir hata mesajıdır.
2025-08-25 17:39:35,045 - app_logger - CRITICAL - Bu bir kritik mesajdır.
2025-08-25 17:40:44,989 - app_logger - INFO - Bu bir bilgi mesajıdır.
2025-08-25 17:40:44,989 - app_logger - WARNING - Bu bir uyarı mesajıdır.
2025-08-25 17:40:44,989 - app_logger - ERROR - Bu bir hata mesajıdır.
2025-08-25 17:40:44,989 - app_logger - CRITICAL - Bu bir kritik mesajdır.
2025-08-25 17:43:15,684 - app_logger - INFO - Bu bir bilgi mesajıdır.
2025-08-25 17:43:15,685 - app_logger - WARNING - Bu bir uyarı mesajıdır.
2025-08-25 17:43:15,685 - app_logger - ERROR - Bu bir hata mesajıdır.
2025-08-25 17:43:15,685 - app_logger - CRITICAL - Bu bir kritik mesajdır.
2025-08-25 17:44:29,701 - app_logger - INFO - Bu bir bilgi mesajıdır.
2025-08-25 17:44:29,702 - app_logger - WARNING - Bu bir uyarı mesajıdır.
2025-08-25 17:44:29,702 - app_logger - ERROR - Bu bir hata mesajıdır.
2025-08-25 17:44:29,702 - app_logger - CRITICAL - Bu bir kritik mesajdır.
2025-08-25 17:46:41,296 - app_logger - INFO - Bu bir bilgi mesajıdır.
2025-08-25 17:46:41,296 - app_logger - WARNING - Bu bir uyarı mesajıdır.
2025-08-25 17:46:41,296 - app_logger - ERROR - Bu bir hata mesajıdır.
2025-08-25 17:46:41,297 - app_logger - CRITICAL - Bu bir kritik mesajdır.
2025-08-25 17:51:56,392 - app_logger - INFO - Bu bir bilgi mesajıdır.
2025-08-25 17:51:56,392 - app_logger - WARNING - Bu bir uyarı mesajıdır.
2025-08-25 17:51:56,392 - app_logger - ERROR - Bu bir hata mesajıdır.
2025-08-25 17:51:56,392 - app_logger - CRITICAL - Bu bir kritik mesajdır.
2025-08-25 17:54:37,330 - app_logger - INFO - Bu bir bilgi mesajıdır.
2025-08-25 17:54:37,331 - app_logger - WARNING - Bu bir uyarı mesajıdır.
2025-08-25 17:54:37,331 - app_logger - ERROR - Bu bir hata mesajıdır.
2025-08-25 17:54:37,331 - app_logger - CRITICAL - Bu bir kritik mesajdır.
2025-08-25 18:01:03,390 - app_logger - INFO - Bu bir bilgi mesajıdır.
2025-08-25 18:01:03,390 - app_logger - WARNING - Bu bir uyarı mesajıdır.
2025-08-25 18:01:03,391 - app_logger - ERROR - Bu bir hata mesajıdır.
2025-08-25 18:01:03,391 - app_logger - CRITICAL - Bu bir kritik mesajdır.
2025-08-25 18:04:02,966 - app_logger - INFO - Bu bir bilgi mesajıdır.
2025-08-25 18:04:02,966 - app_logger - WARNING - Bu bir uyarı mesajıdır.
2025-08-25 18:04:02,966 - app_logger - ERROR - Bu bir hata mesajıdır.
2025-08-25 18:04:02,966 - app_logger - CRITICAL - Bu bir kritik mesajdır.
2025-08-25 18:09:13,549 - app_logger - INFO - Bu bir bilgi mesajıdır.
2025-08-25 18:09:13,549 - app_logger - WARNING - Bu bir uyarı mesajıdır.
2025-08-25 18:09:13,549 - app_logger - ERROR - Bu bir hata mesajıdır.
2025-08-25 18:09:13,551 - app_logger - CRITICAL - Bu bir kritik mesajdır.
2025-08-25 18:34:14,440 - app_logger - INFO - Bu bir bilgi mesajıdır.
2025-08-25 18:34:14,440 - app_logger - WARNING - Bu bir uyarı mesajıdır.
2025-08-25 18:34:14,440 - app_logger - ERROR - Bu bir hata mesajıdır.
2025-08-25 18:34:14,440 - app_logger - CRITICAL - Bu bir kritik mesajdır.
2025-08-25 18:38:58,118 - app_logger - INFO - Bu bir bilgi mesajıdır.
2025-08-25 18:38:58,118 - app_logger - WARNING - Bu bir uyarı mesajıdır.
2025-08-25 18:38:58,118 - app_logger - ERROR - Bu bir hata mesajıdır.
2025-08-25 18:38:58,119 - app_logger - CRITICAL - Bu bir kritik mesajdır.
2025-08-25 18:42:20,843 - app_logger - INFO - Bu bir bilgi mesajıdır.
2025-08-25 18:42:20,843 - app_logger - WARNING - Bu bir uyarı mesajıdır.
2025-08-25 18:42:20,843 - app_logger - ERROR - Bu bir hata mesajıdır.
2025-08-25 18:42:20,843 - app_logger - CRITICAL - Bu bir kritik mesajdır.
2025-08-25 18:49:12,727 - app_logger - INFO - Bu bir bilgi mesajıdır.
2025-08-25 18:49:12,727 - app_logger - WARNING - Bu bir uyarı mesajıdır.
2025-08-25 18:49:12,727 - app_logger - ERROR - Bu bir hata mesajıdır.
2025-08-25 18:49:12,727 - app_logger - CRITICAL - Bu bir kritik mesajdır.
2025-08-25 18:54:59,735 - app_logger - INFO - Bu bir bilgi mesajıdır.
2025-08-25 18:54:59,735 - app_logger - WARNING - Bu bir uyarı mesajıdır.
2025-08-25 18:54:59,735 - app_logger - ERROR - Bu bir hata mesajıdır.
2025-08-25 18:54:59,735 - app_logger - CRITICAL - Bu bir kritik mesajdır.
2025-08-25 19:12:40,398 - app_logger - INFO - Bu bir bilgi mesajıdır.
2025-08-25 19:12:40,398 - app_logger - WARNING - Bu bir uyarı mesajıdır.
2025-08-25 19:12:40,399 - app_logger - ERROR - Bu bir hata mesajıdır.
2025-08-25 19:12:40,399 - app_logger - CRITICAL - Bu bir kritik mesajdır.
